Current working directory: /home/jepa/projects/def-wailung/jepa/cpaws_bc/protocols/run_dbem
Starting run at: Thu 17 Apr 2025 06:22:21 PM PDT
[1] "6"
[1] "c6gfdl26f1cpaws10"
[1] "600240"
[1] "c6gfdl26f1cpaws10"
[1] "600243"
[1] "c6gfdl26f1cpaws10"
[1] "600309"
[1] "c6gfdl26f1cpaws10"
[1] "601520"
[1] "c6gfdl26f1cpaws10"
[1] "690115"
[1] "c6gfdl26f1cpaws10"
[1] "690285"
[1] "Catch"
[1] "Catch"
[1] "Catch"[1]
 "Catch"
[1] "Catch"
[1] "Catch"
[1] "Abd"
[1] "Abd"
[1] "Abd"
[1] "Abd"
[1] "c6gfdl26f1cpaws10"
[1] "690658"
[1] "Abd"
[1] "Catch"
[1] "Abd"
[1] "Abd"
[1] "6"
[1] "c6gfdl26f1cpaws25"
[1] "600240"
[1] "c6gfdl26f1cpaws25"
[1] "600243"
[1] "c6gfdl26f1cpaws25"
[1] "600309"
[1] "c6gfdl26f1cpaws25"
[1] "601520"
[1] "c6gfdl26f1cpaws25"
[1] "690285"
[1] "c6gfdl26f1cpaws25"
[1] "690115"
[1] "Catch"
[1] "Catch"
[1] "Catch"
[1] "Catch"
[1] "Catch"
[1] "Catch"
[1] "Abd"
[1] "Abd"
[1] "Abd"
[1] "Abd"
[1] "c6gfdl26f1cpaws25"
[1] "690658"
[1] "Catch"
[1] "Abd"
[1] "Abd"
[1] "Abd"
[1] "6"
[1] "c6gfdl26f1cpaws75"
[1] "600240"
[1] "c6gfdl26f1cpaws75"
[1] "600243"
[1] "c6gfdl26f1cpaws75"
[1] "600309"
[1] "c6gfdl26f1cpaws75"
[1] "601520"
[1] "c6gfdl26f1cpaws75"
[1] "690115"
[1] "c6gfdl26f1cpaws75"
[1] "690285"
[1] "Catch"
[1] "Catch"
[1] "Catch"
[1] "Catch"
[1] "Catch"
[1] "Catch"
[1] "Abd"
[1] "Abd"
[1] "Abd"
[1] "Abd"
[1] "Abd"
[1] "Abd"
[1] "c6gfdl26f1cpaws75"
[1] "690658"
[1] "Catch"
[1] "Abd"
[1] "6"
[1] "c6gfdl26f1cpaws50"
[1] "600240"
[1] "c6gfdl26f1cpaws50"
[1] "600243"
[1] "c6gfdl26f1cpaws50"
[1] "600309"
[1] "c6gfdl26f1cpaws50"
[1] "601520"
[1] "c6gfdl26f1cpaws50"
[1] "690115"
[1] "c6gfdl26f1cpaws50"
[1] "690285"
[1] "Catch"
[1] "Catch"
[1] "Catch"
[1] "Catch"
[1] "Catch"
[1] "Catch"
[1] "Abd"
[1] "Abd"
[1] "Abd"
[1] "Abd"
[1] "Abd"
[1] "Abd"
[1] "c6gfdl26f1cpaws50"
[1] "690658"
[1] "Catch"
[1] "Abd"
