Current working directory: /home/jepa/projects/def-wailung/jepa/cpaws_bc/protocols/run_dbem
Starting run at: Fri 18 Apr 2025 06:46:42 AM PDT
[1] "6"
[1] "c6gfdl85f1cpawsnompa"
[1] "600240"
[1] "c6gfdl85f1cpawsnompa"
[1] "600243"
[1] "c6gfdl85f1cpawsnompa"
[1] "600309"
[1] "c6gfdl85f1cpawsnompa"
[1] "601520"
[1] "c6gfdl85f1cpawsnompa"
[1] "690285"
[1] "c6gfdl85f1cpawsnompa"
[1] "690115"
[1] "Catch"
[1] "Catch"
[1] "Catch"
[1] "Catch"
[1] "Catch"
[1] "Catch"
[1] "Abd"
[1] "Abd"
[1] "Abd"
[1] "Abd"
[1] "Abd"
[1] "Abd"
[1] "c6gfdl85f1cpawsnompa"
[1] "690658"
[1] "Catch"
[1] "Abd"
[1] "6"
[1] "c6gfdl26f1cpawsnompa"
[1] "600240"
[1] "c6gfdl26f1cpawsnompa"
[1] "600243"
[1] "c6gfdl26f1cpawsnompa"
[1] "600309"
[1] "c6gfdl26f1cpawsnompa"
[1] "601520"
[1] "c6gfdl26f1cpawsnompa"
[1] "690115"
[1] "c6gfdl26f1cpawsnompa"
[1] "690285"
[1] "Catch"
[1] "Catch"
[1] "Catch"
[1] "Catch"
[1] "Catch"
[1] "Catch"
[1] "Abd"
[1] "Abd"
[1] "Abd"
[1] "Abd"
[1] "Abd"
[1] "Abd"
[1] "c6gfdl26f1cpawsnompa"
[1] "690658"
[1] "Catch"
[1] "Abd"
