Current working directory: /home/jepa/projects/def-wailung/jepa/cpaws_bc/protocols/run_dbem
Starting run at: Wed 16 Apr 2025 05:54:03 AM PDT
[1] "6"
[1] "c6gfdl26f1cpaws10"
[1] "600090"
[1] "c6gfdl26f1cpaws10"
[1] "600142"
[1] "c6gfdl26f1cpaws10"
[1] "600239"
[1] "c6gfdl26f1cpaws10"
[1] "600241"
[1] "c6gfdl26f1cpaws10"
[1] "600244"
[1] "c6gfdl26f1cpaws10"
[1] "600245"
[1] "Catch"
[1] "Catch"
[1] "Catch"
[1] "Catch"
[1] "Catch"
[1] "Catch"
[1] "Abd"
[1] "Abd"
[1] "Abd"
[1] "Abd"
[1] "Abd"
[1] "c6gfdl26f1cpaws10"
[1] "600256"
[1] "Catch"
[1] "c6gfdl26f1cpaws10"
[1] "600318"
[1] "c6gfdl26f1cpaws10"
[1] "600308"
[1] "Catch"
[1] "c6gfdl26f1cpaws10"
[1] "600326"
[1] "Catch"
[1] "Catch"
[1] "Abd"
[1] "Abd"
[1] "Abd"
[1] "Abd"
[1] "c6gfdl26f1cpaws10"
[1] "600252"
[1] "Catch"
[1] "c6gfdl26f1cpaws10"
[1] "600504"
[1] "Catch"
[1] "c6gfdl26f1cpaws10"
[1] "600514"
[1] "Catch"
[1] "c6gfdl26f1cpaws10"
[1] "600512"
[1] "c6gfdl26f1cpaws10"
[1] "600509"
[1] "Catch"
[1] "Catch"
[1] "Abd"
[1] "Abd"
[1] "Abd"
[1] "Abd"
[1] "Abd"
[1] "c6gfdl26f1cpaws10"
[1] "601477"
[1] "Catch"
[1] "c6gfdl26f1cpaws10"
[1] "603987"
[1] "Catch"
[1] "c6gfdl26f1cpaws10"
[1] "600502"
[1] "Catch"
[1] "c6gfdl26f1cpaws10"
[1] "603979"
[1] "Catch"
[1] "c6gfdl26f1cpaws10"
[1] "601732"
[1] "Catch"
[1] "Abd"
[1] "Abd"
[1] "Abd"
[1] "Abd"
[1] "Abd"
[1] "c6gfdl26f1cpaws10"
[1] "600517"
[1] "c6gfdl26f1cpaws10"
[1] "624237"
[1] "Catch"
[1] "Catch"
[1] "c6gfdl26f1cpaws10"
[1] "604237"
[1] "Catch"
[1] "c6gfdl26f1cpaws10"
[1] "604247"
[1] "Catch"
[1] "Abd"
[1] "Abd"
[1] "Abd"
[1] "Abd"
[1] "c6gfdl26f1cpaws10"
[1] "690279"
[1] "Catch"
[1] "c6gfdl26f1cpaws10"
[1] "690651"
[1] "Catch"
[1] "c6gfdl26f1cpaws10"
[1] "603989"
[1] "Catch"
[1] "c6gfdl26f1cpaws10"
[1] "690617"
[1] "Catch"
[1] "Abd"
[1] "Abd"
[1] "Abd"
[1] "Abd"
[1] "c6gfdl26f1cpaws10"
[1] "690064"
[1] "Catch"
[1] "Abd"
[1] "Abd"
[1] "c6gfdl26f1cpaws10"
[1] "600255"
[1] "Catch"
[1] "Abd"
[1] "c6gfdl26f1cpaws10"
[1] "600503"
[1] "Catch"
[1] "Abd"
[1] "c6gfdl26f1cpaws10"
[1] "600898"
[1] "Catch"
[1] "Abd"
[1] "c6gfdl26f1cpaws10"
[1] "604238"
[1] "Catch"
[1] "c6gfdl26f1cpaws10"
[1] "604009"
[1] "Catch"
[1] "Abd"
[1] "Abd"
[1] "c6gfdl26f1cpaws10"
[1] "690286"
[1] "Catch"
[1] "c6gfdl26f1cpaws10"
[1] "690269"
[1] "Catch"
[1] "Abd"
[1] "Abd"
[1] "6"
[1] "c6gfdl26f1cpaws25"
[1] "600090"
[1] "c6gfdl26f1cpaws25"
[1] "600142"
[1] "c6gfdl26f1cpaws25"
[1] "600239"
[1] "c6gfdl26f1cpaws25"
[1] "600241"
[1] "c6gfdl26f1cpaws25"
[1] "600244"
[1] "c6gfdl26f1cpaws25"
[1] "600245"
[1] "Catch"
[1] "Catch"
[1] "Catch"
[1] "Catch"
[1] "Catch"
[1] "Catch"
[1] "Abd"
[1] "Abd"
[1] "Abd"
[1] "Abd"
[1] "c6gfdl26f1cpaws25"
[1] "600256"
[1] "Catch"
[1] "c6gfdl26f1cpaws25"
[1] "600318"
[1] "Abd"
[1] "Catch"
[1] "c6gfdl26f1cpaws25"
[1] "600326"
[1] "c6gfdl26f1cpaws25"
[1] "600308"
[1] "Catch"
[1] "Catch"
[1] "Abd"
[1] "Abd"
[1] "Abd"
[1] "Abd"
[1] "c6gfdl26f1cpaws25"
[1] "600252"
[1] "Catch"
[1] "c6gfdl26f1cpaws25"
[1] "600504"
[1] "Catch"
[1] "c6gfdl26f1cpaws25"
[1] "600514"
[1] "Catch"
[1] "c6gfdl26f1cpaws25"
[1] "600512"
[1] "Catch"
[1] "c6gfdl26f1cpaws25"
[1] "600509"
[1] "Catch"
[1] "Abd"
[1] "Abd"
[1] "Abd"
[1] "Abd"
[1] "Abd"
[1] "c6gfdl26f1cpaws25"
[1] "601477"
[1] "Catch"
[1] "c6gfdl26f1cpaws25"
[1] "603987"
[1] "Catch"
[1] "c6gfdl26f1cpaws25"
[1] "603979"
[1] "Catch"
[1] "c6gfdl26f1cpaws25"
[1] "601732"
[1] "Catch"
[1] "c6gfdl26f1cpaws25"
[1] "600502"
[1] "Catch"
[1] "Abd"
[1] "Abd"
[1] "Abd"
[1] "Abd"
[1] "c6gfdl26f1cpaws25"
[1] "624237"
[1] "Catch"
[1] "c6gfdl26f1cpaws25"
[1] "604237"
[1] "Catch"
[1] "c6gfdl26f1cpaws25"
[1] "600517"
[1] "c6gfdl26f1cpaws25"
[1] "604247"
[1] "Abd"
[1] "Catch"
[1] "Catch"
[1] "Abd"
[1] "Abd"
[1] "Abd"
[1] "Abd"
[1] "c6gfdl26f1cpaws25"
[1] "690651"
[1] "Catch"
[1] "c6gfdl26f1cpaws25"
[1] "690279"
[1] "Catch"
[1] "c6gfdl26f1cpaws25"
[1] "603989"
[1] "Abd"
[1] "Abd"
[1] "Catch"
[1] "c6gfdl26f1cpaws25"
[1] "690617"
[1] "Catch"
[1] "Abd"
[1] "Abd"
[1] "c6gfdl26f1cpaws25"
[1] "690064"
[1] "Catch"
[1] "Abd"
[1] "Abd"
[1] "c6gfdl26f1cpaws25"
[1] "600255"
[1] "Catch"
[1] "Abd"
[1] "c6gfdl26f1cpaws25"
[1] "600503"
[1] "Catch"
[1] "Abd"
[1] "c6gfdl26f1cpaws25"
[1] "600898"
[1] "Catch"
[1] "c6gfdl26f1cpaws25"
[1] "604238"
[1] "Catch"
[1] "Abd"
[1] "Abd"
[1] "c6gfdl26f1cpaws25"
[1] "604009"
[1] "Catch"
[1] "c6gfdl26f1cpaws25"
[1] "690286"
[1] "Catch"
[1] "Abd"
[1] "Abd"
[1] "c6gfdl26f1cpaws25"
[1] "690269"
[1] "Catch"
[1] "Abd"
[1] "6"
[1] "c6gfdl26f1cpaws50"
[1] "600090"
[1] "c6gfdl26f1cpaws50"
[1] "600142"
[1] "c6gfdl26f1cpaws50"
[1] "600239"
[1] "c6gfdl26f1cpaws50"
[1] "600241"
[1] "c6gfdl26f1cpaws50"
[1] "600244"
[1] "c6gfdl26f1cpaws50"
[1] "600245"
[1] "Catch"
[1] "Catch"
[1] "Catch"
[1] "Catch"
[1] "Catch"
[1] "Catch"
[1] "Abd"
[1] "Abd"
[1] "Abd"
[1] "Abd"
[1] "c6gfdl26f1cpaws50"
[1] "600256"
[1] "Catch"
[1] "Abd"
[1] "c6gfdl26f1cpaws50"
[1] "600318"
[1] "c6gfdl26f1cpaws50"
[1] "600326"
[1] "Catch"
[1] "Catch"
[1] "c6gfdl26f1cpaws50"
[1] "600308"
[1] "Catch"
[1] "Abd"
[1] "Abd"
[1] "Abd"
[1] "Abd"
[1] "c6gfdl26f1cpaws50"
[1] "600252"
[1] "Catch"
[1] "c6gfdl26f1cpaws50"
[1] "600504"
[1] "Catch"
[1] "c6gfdl26f1cpaws50"
[1] "600514"
[1] "Catch"
[1] "c6gfdl26f1cpaws50"
[1] "600512"
[1] "c6gfdl26f1cpaws50"
[1] "600509"
[1] "Catch"
[1] "Catch"
[1] "Abd"
[1] "Abd"
[1] "Abd"
[1] "Abd"
[1] "Abd"
[1] "c6gfdl26f1cpaws50"
[1] "601477"
[1] "Catch"
[1] "c6gfdl26f1cpaws50"
[1] "603987"
[1] "Catch"
[1] "c6gfdl26f1cpaws50"
[1] "603979"
[1] "Catch"
[1] "c6gfdl26f1cpaws50"
[1] "601732"
[1] "Catch"
[1] "c6gfdl26f1cpaws50"
[1] "600502"
[1] "Catch"
[1] "Abd"
[1] "Abd"
[1] "Abd"
[1] "Abd"
[1] "c6gfdl26f1cpaws50"
[1] "624237"
[1] "Catch"
[1] "c6gfdl26f1cpaws50"
[1] "604237"
[1] "Catch"
[1] "c6gfdl26f1cpaws50"
[1] "604247"
[1] "Catch"
[1] "Abd"
[1] "c6gfdl26f1cpaws50"
[1] "600517"
[1] "Catch"
[1] "Abd"
[1] "Abd"
[1] "Abd"
[1] "Abd"
[1] "c6gfdl26f1cpaws50"
[1] "690651"
[1] "Catch"
[1] "c6gfdl26f1cpaws50"
[1] "690279"
[1] "Catch"
[1] "c6gfdl26f1cpaws50"
[1] "690617"
[1] "Abd"
[1] "Catch"
[1] "Abd"
[1] "c6gfdl26f1cpaws50"
[1] "603989"
[1] "Catch"
[1] "Abd"
[1] "Abd"
[1] "c6gfdl26f1cpaws50"
[1] "690064"
[1] "Catch"
[1] "Abd"
[1] "Abd"
[1] "c6gfdl26f1cpaws50"
[1] "600255"
[1] "Catch"
[1] "Abd"
[1] "c6gfdl26f1cpaws50"
[1] "600503"
[1] "Catch"
[1] "Abd"
[1] "c6gfdl26f1cpaws50"
[1] "600898"
[1] "Catch"
[1] "Abd"
[1] "c6gfdl26f1cpaws50"
[1] "604238"
[1] "Catch"
[1] "Abd"
[1] "c6gfdl26f1cpaws50"
[1] "604009"
[1] "Catch"
[1] "c6gfdl26f1cpaws50"
[1] "690286"
[1] "Catch"
[1] "Abd"
[1] "Abd"
[1] "c6gfdl26f1cpaws50"
[1] "690269"
[1] "Catch"
[1] "Abd"
[1] "6"
[1] "c6gfdl26f1cpaws75"
[1] "600090"
[1] "c6gfdl26f1cpaws75"
[1] "600142"
[1] "c6gfdl26f1cpaws75"
[1] "600239"
[1] "c6gfdl26f1cpaws75"
[1] "600241"
[1] "c6gfdl26f1cpaws75"
[1] "600244"
[1] "c6gfdl26f1cpaws75"
[1] "600245"
[1][1] "Catch" "Catch"

[1] "Catch"
[1] "Catch"
[1] "Catch"
[1] "Catch"
[1] "Abd"
[1] "Abd"
[1] "Abd"
[1] "Abd"
[1] "c6gfdl26f1cpaws75"
[1] "600256"
[1] "Catch"
[1] "c6gfdl26f1cpaws75"
[1] "600318"
[1] "Catch"
[1] "Abd"
[1] "c6gfdl26f1cpaws75"
[1] "600326"
[1] "Catch"
[1] "c6gfdl26f1cpaws75"
[1] "600308"
[1] "Catch"
[1] "Abd"
[1] "Abd"
[1] "Abd"
[1] "Abd"
[1] "c6gfdl26f1cpaws75"
[1] "600252"
[1] "Catch"
[1] "c6gfdl26f1cpaws75"
[1] "600504"
[1] "Catch"
[1] "c6gfdl26f1cpaws75"
[1] "600514"
[1] "Catch"
[1] "c6gfdl26f1cpaws75"
[1] "600512"
[1] "Catch"
[1] "c6gfdl26f1cpaws75"
[1] "600509"
[1] "Catch"
[1] "Abd"
[1] "Abd"
[1] "Abd"
[1] "Abd"
[1] "Abd"
[1] "c6gfdl26f1cpaws75"
[1] "601477"
[1] "Catch"
[1] "c6gfdl26f1cpaws75"
[1] "603987"
[1] "Catch"
[1] "c6gfdl26f1cpaws75"
[1] "603979"
[1] "Catch"
[1] "c6gfdl26f1cpaws75"
[1] "601732"
[1] "Catch"
[1] "c6gfdl26f1cpaws75"
[1] "600502"
[1] "Catch"
[1] "Abd"
[1] "Abd"
[1] "Abd"
[1] "Abd"
[1] "c6gfdl26f1cpaws75"
[1] "624237"
[1] "c6gfdl26f1cpaws75"
[1] "604237"
[1] "Catch"
[1] "Catch"
[1] "c6gfdl26f1cpaws75"
[1] "604247"
[1] "Catch"
[1] "c6gfdl26f1cpaws75"
[1] "600517"
[1] "Catch"
[1] "Abd"
[1] "Abd"
[1] "Abd"
[1] "Abd"
[1] "Abd"
[1] "c6gfdl26f1cpaws75"
[1] "690279"
[1] "Catch"
[1] "c6gfdl26f1cpaws75"
[1] "690651"
[1] "Catch"
[1] "c6gfdl26f1cpaws75"
[1] "690617"
[1] "Abd"
[1] "Catch"
[1] "Abd"
[1] "c6gfdl26f1cpaws75"
[1] "603989"
[1] "Catch"
[1] "Abd"
[1] "Abd"
[1] "c6gfdl26f1cpaws75"
[1] "690064"
[1] "Catch"
[1] "Abd"
[1] "Abd"
[1] "c6gfdl26f1cpaws75"
[1] "600255"
[1] "Catch"
[1] "Abd"
[1] "c6gfdl26f1cpaws75"
[1] "600503"
[1] "Catch"
[1] "Abd"
[1] "c6gfdl26f1cpaws75"
[1] "600898"
[1] "Catch"
[1] "c6gfdl26f1cpaws75"
[1] "604238"
[1] "Catch"
[1] "Abd"
[1] "Abd"
[1] "c6gfdl26f1cpaws75"
[1] "604009"
[1] "Catch"
[1] "c6gfdl26f1cpaws75"
[1] "690286"
[1] "Catch"
[1] "Abd"
[1] "Abd"
[1] "c6gfdl26f1cpaws75"
[1] "690269"
[1] "Catch"
[1] "Abd"
